Traceback (most recent call last):
  File "/opt/anaconda3/lib/python3.7/site-packages/jupyter_cache/executors/utils.py", line 56, in single_nb_execution
    record_timing=False,
  File "/opt/anaconda3/lib/python3.7/site-packages/nbclient/client.py", line 1112, in execute
    return NotebookClient(nb=nb, resources=resources, km=km, **kwargs).execute()
  File "/opt/anaconda3/lib/python3.7/site-packages/nbclient/util.py", line 74, in wrapped
    return just_run(coro(*args, **kwargs))
  File "/opt/anaconda3/lib/python3.7/site-packages/nbclient/util.py", line 53, in just_run
    return loop.run_until_complete(coro)
  File "/opt/anaconda3/lib/python3.7/asyncio/base_events.py", line 587, in run_until_complete
    return future.result()
  File "/opt/anaconda3/lib/python3.7/site-packages/nbclient/client.py", line 554, in async_execute
    cell, index, execution_count=self.code_cells_executed + 1
  File "/opt/anaconda3/lib/python3.7/site-packages/nbclient/client.py", line 857, in async_execute_cell
    self._check_raise_for_error(cell, exec_reply)
  File "/opt/anaconda3/lib/python3.7/site-packages/nbclient/client.py", line 760, in _check_raise_for_error
    raise CellExecutionError.from_cell_and_msg(cell, exec_reply_content)
nbclient.exceptions.CellExecutionError: An error occurred while executing the following cell:
------------------
msgs = []
msg =[]

for tweet in tweepy.Cursor(api.search, q='#uva').items(1000):
    msg = [tweet.text, tweet.created_at, tweet.user.screen_name] 
    msg = tuple(msg)                    
    msgs.append(msg)

tweets = pd.DataFrame(msgs, columns = ['text', 'created_at', 'user'])
tweets
------------------

[0;31m---------------------------------------------------------------------------[0m
[0;31mTweepError[0m                                Traceback (most recent call last)
[0;32m/var/folders/8k/ps7r1m2x3_zcd4_dznr8ns1m0000gp/T/ipykernel_16040/2044521528.py[0m in [0;36m<module>[0;34m[0m
[1;32m      2[0m [0mmsg[0m [0;34m=[0m[0;34m[[0m[0;34m][0m[0;34m[0m[0;34m[0m[0m
[1;32m      3[0m [0;34m[0m[0m
[0;32m----> 4[0;31m [0;32mfor[0m [0mtweet[0m [0;32min[0m [0mtweepy[0m[0;34m.[0m[0mCursor[0m[0;34m([0m[0mapi[0m[0;34m.[0m[0msearch[0m[0;34m,[0m [0mq[0m[0;34m=[0m[0;34m'#uva'[0m[0;34m)[0m[0;34m.[0m[0mitems[0m[0;34m([0m[0;36m1000[0m[0;34m)[0m[0;34m:[0m[0;34m[0m[0;34m[0m[0m
[0m[1;32m      5[0m     [0mmsg[0m [0;34m=[0m [0;34m[[0m[0mtweet[0m[0;34m.[0m[0mtext[0m[0;34m,[0m [0mtweet[0m[0;34m.[0m[0mcreated_at[0m[0;34m,[0m [0mtweet[0m[0;34m.[0m[0muser[0m[0;34m.[0m[0mscreen_name[0m[0;34m][0m[0;34m[0m[0;34m[0m[0m
[1;32m      6[0m     [0mmsg[0m [0;34m=[0m [0mtuple[0m[0;34m([0m[0mmsg[0m[0;34m)[0m[0;34m[0m[0;34m[0m[0m

[0;32m/opt/anaconda3/lib/python3.7/site-packages/tweepy/cursor.py[0m in [0;36m__next__[0;34m(self)[0m
[1;32m     45[0m [0;34m[0m[0m
[1;32m     46[0m     [0;32mdef[0m [0m__next__[0m[0;34m([0m[0mself[0m[0;34m)[0m[0;34m:[0m[0;34m[0m[0;34m[0m[0m
[0;32m---> 47[0;31m         [0;32mreturn[0m [0mself[0m[0;34m.[0m[0mnext[0m[0;34m([0m[0;34m)[0m[0;34m[0m[0;34m[0m[0m
[0m[1;32m     48[0m [0;34m[0m[0m
[1;32m     49[0m     [0;32mdef[0m [0mnext[0m[0;34m([0m[0mself[0m[0;34m)[0m[0;34m:[0m[0;34m[0m[0;34m[0m[0m

[0;32m/opt/anaconda3/lib/python3.7/site-packages/tweepy/cursor.py[0m in [0;36mnext[0;34m(self)[0m
[1;32m    193[0m         [0;32mif[0m [0mself[0m[0;34m.[0m[0mcurrent_page[0m [0;32mis[0m [0;32mNone[0m [0;32mor[0m [0mself[0m[0;34m.[0m[0mpage_index[0m [0;34m==[0m [0mlen[0m[0;34m([0m[0mself[0m[0;34m.[0m[0mcurrent_page[0m[0;34m)[0m [0;34m-[0m [0;36m1[0m[0;34m:[0m[0;34m[0m[0;34m[0m[0m
[1;32m    194[0m             [0;31m# Reached end of current page, get the next page...[0m[0;34m[0m[0;34m[0m[0;34m[0m[0m
[0;32m--> 195[0;31m             [0mself[0m[0;34m.[0m[0mcurrent_page[0m [0;34m=[0m [0mself[0m[0;34m.[0m[0mpage_iterator[0m[0;34m.[0m[0mnext[0m[0;34m([0m[0;34m)[0m[0;34m[0m[0;34m[0m[0m
[0m[1;32m    196[0m             [0mself[0m[0;34m.[0m[0mpage_index[0m [0;34m=[0m [0;34m-[0m[0;36m1[0m[0;34m[0m[0;34m[0m[0m
[1;32m    197[0m         [0mself[0m[0;34m.[0m[0mpage_index[0m [0;34m+=[0m [0;36m1[0m[0;34m[0m[0;34m[0m[0m

[0;32m/opt/anaconda3/lib/python3.7/site-packages/tweepy/cursor.py[0m in [0;36mnext[0;34m(self)[0m
[1;32m    104[0m [0;34m[0m[0m
[1;32m    105[0m         [0;32mif[0m [0mself[0m[0;34m.[0m[0mindex[0m [0;34m>=[0m [0mlen[0m[0;34m([0m[0mself[0m[0;34m.[0m[0mresults[0m[0;34m)[0m [0;34m-[0m [0;36m1[0m[0;34m:[0m[0;34m[0m[0;34m[0m[0m
[0;32m--> 106[0;31m             [0mdata[0m [0;34m=[0m [0mself[0m[0;34m.[0m[0mmethod[0m[0;34m([0m[0mmax_id[0m[0;34m=[0m[0mself[0m[0;34m.[0m[0mmax_id[0m[0;34m,[0m [0mparser[0m[0;34m=[0m[0mRawParser[0m[0;34m([0m[0;34m)[0m[0;34m,[0m [0;34m*[0m[0mself[0m[0;34m.[0m[0margs[0m[0;34m,[0m [0;34m**[0m[0mself[0m[0;34m.[0m[0mkargs[0m[0;34m)[0m[0;34m[0m[0;34m[0m[0m
[0m[1;32m    107[0m [0;34m[0m[0m
[1;32m    108[0m             [0;32mif[0m [0mhasattr[0m[0;34m([0m[0mself[0m[0;34m.[0m[0mmethod[0m[0;34m,[0m [0;34m'__self__'[0m[0;34m)[0m[0;34m:[0m[0;34m[0m[0;34m[0m[0m

[0;32m/opt/anaconda3/lib/python3.7/site-packages/tweepy/binder.py[0m in [0;36m_call[0;34m(*args, **kwargs)[0m
[1;32m    248[0m                 [0;32mreturn[0m [0mmethod[0m[0;34m[0m[0;34m[0m[0m
[1;32m    249[0m             [0;32melse[0m[0;34m:[0m[0;34m[0m[0;34m[0m[0m
[0;32m--> 250[0;31m                 [0;32mreturn[0m [0mmethod[0m[0;34m.[0m[0mexecute[0m[0;34m([0m[0;34m)[0m[0;34m[0m[0;34m[0m[0m
[0m[1;32m    251[0m         [0;32mfinally[0m[0;34m:[0m[0;34m[0m[0;34m[0m[0m
[1;32m    252[0m             [0mmethod[0m[0;34m.[0m[0msession[0m[0;34m.[0m[0mclose[0m[0;34m([0m[0;34m)[0m[0;34m[0m[0;34m[0m[0m

[0;32m/opt/anaconda3/lib/python3.7/site-packages/tweepy/binder.py[0m in [0;36mexecute[0;34m(self)[0m
[1;32m    231[0m                     [0;32mraise[0m [0mRateLimitError[0m[0;34m([0m[0merror_msg[0m[0;34m,[0m [0mresp[0m[0;34m)[0m[0;34m[0m[0;34m[0m[0m
[1;32m    232[0m                 [0;32melse[0m[0;34m:[0m[0;34m[0m[0;34m[0m[0m
[0;32m--> 233[0;31m                     [0;32mraise[0m [0mTweepError[0m[0;34m([0m[0merror_msg[0m[0;34m,[0m [0mresp[0m[0;34m,[0m [0mapi_code[0m[0;34m=[0m[0mapi_error_code[0m[0;34m)[0m[0;34m[0m[0;34m[0m[0m
[0m[1;32m    234[0m [0;34m[0m[0m
[1;32m    235[0m             [0;31m# Parse the response payload[0m[0;34m[0m[0;34m[0m[0;34m[0m[0m

[0;31mTweepError[0m: Twitter error response: status code = 429
TweepError: Twitter error response: status code = 429

