Traceback (most recent call last):
  File "/Users/jk8sd/.pyenv/versions/3.12.5/lib/python3.12/site-packages/jupyter_cache/executors/utils.py", line 58, in single_nb_execution
    executenb(
  File "/Users/jk8sd/.pyenv/versions/3.12.5/lib/python3.12/site-packages/nbclient/client.py", line 1314, in execute
    return NotebookClient(nb=nb, resources=resources, km=km, **kwargs).execute()
           ^^^^^^^^^^^^^^^^^^^^^^^^^^^^^^^^^^^^^^^^^^^^^^^^^^^^^^^^^^^^^^^^^^^^^
  File "/Users/jk8sd/.pyenv/versions/3.12.5/lib/python3.12/site-packages/jupyter_core/utils/__init__.py", line 165, in wrapped
    return loop.run_until_complete(inner)
           ^^^^^^^^^^^^^^^^^^^^^^^^^^^^^^
  File "/Users/jk8sd/.pyenv/versions/3.12.5/lib/python3.12/asyncio/base_events.py", line 687, in run_until_complete
    return future.result()
           ^^^^^^^^^^^^^^^
  File "/Users/jk8sd/.pyenv/versions/3.12.5/lib/python3.12/site-packages/nbclient/client.py", line 709, in async_execute
    await self.async_execute_cell(
  File "/Users/jk8sd/.pyenv/versions/3.12.5/lib/python3.12/site-packages/nbclient/client.py", line 1062, in async_execute_cell
    await self._check_raise_for_error(cell, cell_index, exec_reply)
  File "/Users/jk8sd/.pyenv/versions/3.12.5/lib/python3.12/site-packages/nbclient/client.py", line 918, in _check_raise_for_error
    raise CellExecutionError.from_cell_and_msg(cell, exec_reply_content)
nbclient.exceptions.CellExecutionError: An error occurred while executing the following cell:
------------------
url = "https://uvadatascienceproject.s3.us-east-2.amazonaws.com/USAIPO1936-0053.csv"
gallup1936 = pd.read_csv(url)
------------------


[0;31m---------------------------------------------------------------------------[0m
[0;31mHTTPError[0m                                 Traceback (most recent call last)
Cell [0;32mIn[3], line 2[0m
[1;32m      1[0m url [38;5;241m=[39m [38;5;124m"[39m[38;5;124mhttps://uvadatascienceproject.s3.us-east-2.amazonaws.com/USAIPO1936-0053.csv[39m[38;5;124m"[39m
[0;32m----> 2[0m gallup1936 [38;5;241m=[39m [43mpd[49m[38;5;241;43m.[39;49m[43mread_csv[49m[43m([49m[43murl[49m[43m)[49m

File [0;32m~/.pyenv/versions/3.12.5/lib/python3.12/site-packages/pandas/io/parsers/readers.py:1026[0m, in [0;36mread_csv[0;34m(filepath_or_buffer, sep, delimiter, header, names, index_col, usecols, dtype, engine, converters, true_values, false_values, skipinitialspace, skiprows, skipfooter, nrows, na_values, keep_default_na, na_filter, verbose, skip_blank_lines, parse_dates, infer_datetime_format, keep_date_col, date_parser, date_format, dayfirst, cache_dates, iterator, chunksize, compression, thousands, decimal, lineterminator, quotechar, quoting, doublequote, escapechar, comment, encoding, encoding_errors, dialect, on_bad_lines, delim_whitespace, low_memory, memory_map, float_precision, storage_options, dtype_backend)[0m
[1;32m   1013[0m kwds_defaults [38;5;241m=[39m _refine_defaults_read(
[1;32m   1014[0m     dialect,
[1;32m   1015[0m     delimiter,
[0;32m   (...)[0m
[1;32m   1022[0m     dtype_backend[38;5;241m=[39mdtype_backend,
[1;32m   1023[0m )
[1;32m   1024[0m kwds[38;5;241m.[39mupdate(kwds_defaults)
[0;32m-> 1026[0m [38;5;28;01mreturn[39;00m [43m_read[49m[43m([49m[43mfilepath_or_buffer[49m[43m,[49m[43m [49m[43mkwds[49m[43m)[49m

File [0;32m~/.pyenv/versions/3.12.5/lib/python3.12/site-packages/pandas/io/parsers/readers.py:620[0m, in [0;36m_read[0;34m(filepath_or_buffer, kwds)[0m
[1;32m    617[0m _validate_names(kwds[38;5;241m.[39mget([38;5;124m"[39m[38;5;124mnames[39m[38;5;124m"[39m, [38;5;28;01mNone[39;00m))
[1;32m    619[0m [38;5;66;03m# Create the parser.[39;00m
[0;32m--> 620[0m parser [38;5;241m=[39m [43mTextFileReader[49m[43m([49m[43mfilepath_or_buffer[49m[43m,[49m[43m [49m[38;5;241;43m*[39;49m[38;5;241;43m*[39;49m[43mkwds[49m[43m)[49m
[1;32m    622[0m [38;5;28;01mif[39;00m chunksize [38;5;129;01mor[39;00m iterator:
[1;32m    623[0m     [38;5;28;01mreturn[39;00m parser

File [0;32m~/.pyenv/versions/3.12.5/lib/python3.12/site-packages/pandas/io/parsers/readers.py:1620[0m, in [0;36mTextFileReader.__init__[0;34m(self, f, engine, **kwds)[0m
[1;32m   1617[0m     [38;5;28mself[39m[38;5;241m.[39moptions[[38;5;124m"[39m[38;5;124mhas_index_names[39m[38;5;124m"[39m] [38;5;241m=[39m kwds[[38;5;124m"[39m[38;5;124mhas_index_names[39m[38;5;124m"[39m]
[1;32m   1619[0m [38;5;28mself[39m[38;5;241m.[39mhandles: IOHandles [38;5;241m|[39m [38;5;28;01mNone[39;00m [38;5;241m=[39m [38;5;28;01mNone[39;00m
[0;32m-> 1620[0m [38;5;28mself[39m[38;5;241m.[39m_engine [38;5;241m=[39m [38;5;28;43mself[39;49m[38;5;241;43m.[39;49m[43m_make_engine[49m[43m([49m[43mf[49m[43m,[49m[43m [49m[38;5;28;43mself[39;49m[38;5;241;43m.[39;49m[43mengine[49m[43m)[49m

File [0;32m~/.pyenv/versions/3.12.5/lib/python3.12/site-packages/pandas/io/parsers/readers.py:1880[0m, in [0;36mTextFileReader._make_engine[0;34m(self, f, engine)[0m
[1;32m   1878[0m     [38;5;28;01mif[39;00m [38;5;124m"[39m[38;5;124mb[39m[38;5;124m"[39m [38;5;129;01mnot[39;00m [38;5;129;01min[39;00m mode:
[1;32m   1879[0m         mode [38;5;241m+[39m[38;5;241m=[39m [38;5;124m"[39m[38;5;124mb[39m[38;5;124m"[39m
[0;32m-> 1880[0m [38;5;28mself[39m[38;5;241m.[39mhandles [38;5;241m=[39m [43mget_handle[49m[43m([49m
[1;32m   1881[0m [43m    [49m[43mf[49m[43m,[49m
[1;32m   1882[0m [43m    [49m[43mmode[49m[43m,[49m
[1;32m   1883[0m [43m    [49m[43mencoding[49m[38;5;241;43m=[39;49m[38;5;28;43mself[39;49m[38;5;241;43m.[39;49m[43moptions[49m[38;5;241;43m.[39;49m[43mget[49m[43m([49m[38;5;124;43m"[39;49m[38;5;124;43mencoding[39;49m[38;5;124;43m"[39;49m[43m,[49m[43m [49m[38;5;28;43;01mNone[39;49;00m[43m)[49m[43m,[49m
[1;32m   1884[0m [43m    [49m[43mcompression[49m[38;5;241;43m=[39;49m[38;5;28;43mself[39;49m[38;5;241;43m.[39;49m[43moptions[49m[38;5;241;43m.[39;49m[43mget[49m[43m([49m[38;5;124;43m"[39;49m[38;5;124;43mcompression[39;49m[38;5;124;43m"[39;49m[43m,[49m[43m [49m[38;5;28;43;01mNone[39;49;00m[43m)[49m[43m,[49m
[1;32m   1885[0m [43m    [49m[43mmemory_map[49m[38;5;241;43m=[39;49m[38;5;28;43mself[39;49m[38;5;241;43m.[39;49m[43moptions[49m[38;5;241;43m.[39;49m[43mget[49m[43m([49m[38;5;124;43m"[39;49m[38;5;124;43mmemory_map[39;49m[38;5;124;43m"[39;49m[43m,[49m[43m [49m[38;5;28;43;01mFalse[39;49;00m[43m)[49m[43m,[49m
[1;32m   1886[0m [43m    [49m[43mis_text[49m[38;5;241;43m=[39;49m[43mis_text[49m[43m,[49m
[1;32m   1887[0m [43m    [49m[43merrors[49m[38;5;241;43m=[39;49m[38;5;28;43mself[39;49m[38;5;241;43m.[39;49m[43moptions[49m[38;5;241;43m.[39;49m[43mget[49m[43m([49m[38;5;124;43m"[39;49m[38;5;124;43mencoding_errors[39;49m[38;5;124;43m"[39;49m[43m,[49m[43m [49m[38;5;124;43m"[39;49m[38;5;124;43mstrict[39;49m[38;5;124;43m"[39;49m[43m)[49m[43m,[49m
[1;32m   1888[0m [43m    [49m[43mstorage_options[49m[38;5;241;43m=[39;49m[38;5;28;43mself[39;49m[38;5;241;43m.[39;49m[43moptions[49m[38;5;241;43m.[39;49m[43mget[49m[43m([49m[38;5;124;43m"[39;49m[38;5;124;43mstorage_options[39;49m[38;5;124;43m"[39;49m[43m,[49m[43m [49m[38;5;28;43;01mNone[39;49;00m[43m)[49m[43m,[49m
[1;32m   1889[0m [43m[49m[43m)[49m
[1;32m   1890[0m [38;5;28;01massert[39;00m [38;5;28mself[39m[38;5;241m.[39mhandles [38;5;129;01mis[39;00m [38;5;129;01mnot[39;00m [38;5;28;01mNone[39;00m
[1;32m   1891[0m f [38;5;241m=[39m [38;5;28mself[39m[38;5;241m.[39mhandles[38;5;241m.[39mhandle

File [0;32m~/.pyenv/versions/3.12.5/lib/python3.12/site-packages/pandas/io/common.py:728[0m, in [0;36mget_handle[0;34m(path_or_buf, mode, encoding, compression, memory_map, is_text, errors, storage_options)[0m
[1;32m    725[0m     codecs[38;5;241m.[39mlookup_error(errors)
[1;32m    727[0m [38;5;66;03m# open URLs[39;00m
[0;32m--> 728[0m ioargs [38;5;241m=[39m [43m_get_filepath_or_buffer[49m[43m([49m
[1;32m    729[0m [43m    [49m[43mpath_or_buf[49m[43m,[49m
[1;32m    730[0m [43m    [49m[43mencoding[49m[38;5;241;43m=[39;49m[43mencoding[49m[43m,[49m
[1;32m    731[0m [43m    [49m[43mcompression[49m[38;5;241;43m=[39;49m[43mcompression[49m[43m,[49m
[1;32m    732[0m [43m    [49m[43mmode[49m[38;5;241;43m=[39;49m[43mmode[49m[43m,[49m
[1;32m    733[0m [43m    [49m[43mstorage_options[49m[38;5;241;43m=[39;49m[43mstorage_options[49m[43m,[49m
[1;32m    734[0m [43m[49m[43m)[49m
[1;32m    736[0m handle [38;5;241m=[39m ioargs[38;5;241m.[39mfilepath_or_buffer
[1;32m    737[0m handles: [38;5;28mlist[39m[BaseBuffer]

File [0;32m~/.pyenv/versions/3.12.5/lib/python3.12/site-packages/pandas/io/common.py:384[0m, in [0;36m_get_filepath_or_buffer[0;34m(filepath_or_buffer, encoding, compression, mode, storage_options)[0m
[1;32m    382[0m [38;5;66;03m# assuming storage_options is to be interpreted as headers[39;00m
[1;32m    383[0m req_info [38;5;241m=[39m urllib[38;5;241m.[39mrequest[38;5;241m.[39mRequest(filepath_or_buffer, headers[38;5;241m=[39mstorage_options)
[0;32m--> 384[0m [38;5;28;01mwith[39;00m [43murlopen[49m[43m([49m[43mreq_info[49m[43m)[49m [38;5;28;01mas[39;00m req:
[1;32m    385[0m     content_encoding [38;5;241m=[39m req[38;5;241m.[39mheaders[38;5;241m.[39mget([38;5;124m"[39m[38;5;124mContent-Encoding[39m[38;5;124m"[39m, [38;5;28;01mNone[39;00m)
[1;32m    386[0m     [38;5;28;01mif[39;00m content_encoding [38;5;241m==[39m [38;5;124m"[39m[38;5;124mgzip[39m[38;5;124m"[39m:
[1;32m    387[0m         [38;5;66;03m# Override compression based on Content-Encoding header[39;00m

File [0;32m~/.pyenv/versions/3.12.5/lib/python3.12/site-packages/pandas/io/common.py:289[0m, in [0;36murlopen[0;34m(*args, **kwargs)[0m
[1;32m    283[0m [38;5;250m[39m[38;5;124;03m"""[39;00m
[1;32m    284[0m [38;5;124;03mLazy-import wrapper for stdlib urlopen, as that imports a big chunk of[39;00m
[1;32m    285[0m [38;5;124;03mthe stdlib.[39;00m
[1;32m    286[0m [38;5;124;03m"""[39;00m
[1;32m    287[0m [38;5;28;01mimport[39;00m [38;5;21;01murllib[39;00m[38;5;21;01m.[39;00m[38;5;21;01mrequest[39;00m
[0;32m--> 289[0m [38;5;28;01mreturn[39;00m [43murllib[49m[38;5;241;43m.[39;49m[43mrequest[49m[38;5;241;43m.[39;49m[43murlopen[49m[43m([49m[38;5;241;43m*[39;49m[43margs[49m[43m,[49m[43m [49m[38;5;241;43m*[39;49m[38;5;241;43m*[39;49m[43mkwargs[49m[43m)[49m

File [0;32m~/.pyenv/versions/3.12.5/lib/python3.12/urllib/request.py:215[0m, in [0;36murlopen[0;34m(url, data, timeout, cafile, capath, cadefault, context)[0m
[1;32m    213[0m [38;5;28;01melse[39;00m:
[1;32m    214[0m     opener [38;5;241m=[39m _opener
[0;32m--> 215[0m [38;5;28;01mreturn[39;00m [43mopener[49m[38;5;241;43m.[39;49m[43mopen[49m[43m([49m[43murl[49m[43m,[49m[43m [49m[43mdata[49m[43m,[49m[43m [49m[43mtimeout[49m[43m)[49m

File [0;32m~/.pyenv/versions/3.12.5/lib/python3.12/urllib/request.py:521[0m, in [0;36mOpenerDirector.open[0;34m(self, fullurl, data, timeout)[0m
[1;32m    519[0m [38;5;28;01mfor[39;00m processor [38;5;129;01min[39;00m [38;5;28mself[39m[38;5;241m.[39mprocess_response[38;5;241m.[39mget(protocol, []):
[1;32m    520[0m     meth [38;5;241m=[39m [38;5;28mgetattr[39m(processor, meth_name)
[0;32m--> 521[0m     response [38;5;241m=[39m [43mmeth[49m[43m([49m[43mreq[49m[43m,[49m[43m [49m[43mresponse[49m[43m)[49m
[1;32m    523[0m [38;5;28;01mreturn[39;00m response

File [0;32m~/.pyenv/versions/3.12.5/lib/python3.12/urllib/request.py:630[0m, in [0;36mHTTPErrorProcessor.http_response[0;34m(self, request, response)[0m
[1;32m    627[0m [38;5;66;03m# According to RFC 2616, "2xx" code indicates that the client's[39;00m
[1;32m    628[0m [38;5;66;03m# request was successfully received, understood, and accepted.[39;00m
[1;32m    629[0m [38;5;28;01mif[39;00m [38;5;129;01mnot[39;00m ([38;5;241m200[39m [38;5;241m<[39m[38;5;241m=[39m code [38;5;241m<[39m [38;5;241m300[39m):
[0;32m--> 630[0m     response [38;5;241m=[39m [38;5;28;43mself[39;49m[38;5;241;43m.[39;49m[43mparent[49m[38;5;241;43m.[39;49m[43merror[49m[43m([49m
[1;32m    631[0m [43m        [49m[38;5;124;43m'[39;49m[38;5;124;43mhttp[39;49m[38;5;124;43m'[39;49m[43m,[49m[43m [49m[43mrequest[49m[43m,[49m[43m [49m[43mresponse[49m[43m,[49m[43m [49m[43mcode[49m[43m,[49m[43m [49m[43mmsg[49m[43m,[49m[43m [49m[43mhdrs[49m[43m)[49m
[1;32m    633[0m [38;5;28;01mreturn[39;00m response

File [0;32m~/.pyenv/versions/3.12.5/lib/python3.12/urllib/request.py:559[0m, in [0;36mOpenerDirector.error[0;34m(self, proto, *args)[0m
[1;32m    557[0m [38;5;28;01mif[39;00m http_err:
[1;32m    558[0m     args [38;5;241m=[39m ([38;5;28mdict[39m, [38;5;124m'[39m[38;5;124mdefault[39m[38;5;124m'[39m, [38;5;124m'[39m[38;5;124mhttp_error_default[39m[38;5;124m'[39m) [38;5;241m+[39m orig_args
[0;32m--> 559[0m     [38;5;28;01mreturn[39;00m [38;5;28;43mself[39;49m[38;5;241;43m.[39;49m[43m_call_chain[49m[43m([49m[38;5;241;43m*[39;49m[43margs[49m[43m)[49m

File [0;32m~/.pyenv/versions/3.12.5/lib/python3.12/urllib/request.py:492[0m, in [0;36mOpenerDirector._call_chain[0;34m(self, chain, kind, meth_name, *args)[0m
[1;32m    490[0m [38;5;28;01mfor[39;00m handler [38;5;129;01min[39;00m handlers:
[1;32m    491[0m     func [38;5;241m=[39m [38;5;28mgetattr[39m(handler, meth_name)
[0;32m--> 492[0m     result [38;5;241m=[39m [43mfunc[49m[43m([49m[38;5;241;43m*[39;49m[43margs[49m[43m)[49m
[1;32m    493[0m     [38;5;28;01mif[39;00m result [38;5;129;01mis[39;00m [38;5;129;01mnot[39;00m [38;5;28;01mNone[39;00m:
[1;32m    494[0m         [38;5;28;01mreturn[39;00m result

File [0;32m~/.pyenv/versions/3.12.5/lib/python3.12/urllib/request.py:639[0m, in [0;36mHTTPDefaultErrorHandler.http_error_default[0;34m(self, req, fp, code, msg, hdrs)[0m
[1;32m    638[0m [38;5;28;01mdef[39;00m [38;5;21mhttp_error_default[39m([38;5;28mself[39m, req, fp, code, msg, hdrs):
[0;32m--> 639[0m     [38;5;28;01mraise[39;00m HTTPError(req[38;5;241m.[39mfull_url, code, msg, hdrs, fp)

[0;31mHTTPError[0m: HTTP Error 404: Not Found

